<?xml version="1.0" encoding="UTF-8"?>
<!-- Generated by org.testng.reporters.JUnitReportReporter -->
<testsuite hostname="MAVBCP3113" failures="0" tests="1" name="seleniumproject.Example" time="31.297" errors="0" timestamp="2021-09-22T11:24:12 IST" skipped="0">
  <testcase classname="seleniumproject.Example" name="sample" time="31.297"/>
  <system-out/>
</testsuite> <!-- seleniumproject.Example -->
